# Changelog
All notable changes to this project will be documented in this file.

The format is based on [Keep a Changelog](https://keepachangelog.com/en/1.0.0/),
and this project adheres to [Semantic Versioning](https://semver.org/spec/v2.0.0.html).

## [Unreleased] - 2020-02-23 0:08

### Changed 
 - Modified scripts/tvtropes.pl to generate ngrams file from films with tropes number between max_tropes and 2
   Previous version only generate string form max_tropes to ngram_size, and any film with less than ngram_size
   tropes was removed.

### Created
  - new ngram files including films with less than <ngram_size> tropes
  - new file model using word2vec for new ngram file  

## [Unreleased] - 2020-02-20 19:56

### Created
 - data/csv folder to convert xlsx filed to csv versions
 - /scripts folder to save there perl and python scripts

### Added
### Changed
### Removed
### Fixed

=======
